C51 COMPILER V9.00   AD                                                                    05/04/2019 20:59:20 PAGE 1   


C51 COMPILER V9.00, COMPILATION OF MODULE AD
OBJECT MODULE PLACED IN .\Objects\AD.obj
COMPILER INVOKED BY: C:\Keil\C51\BIN\C51.EXE AD.c LARGE OMF2 BROWSE DEBUG PRINT(.\Listings\AD.lst) OBJECT(.\Objects\AD.o
                    -bj)

line level    source

   1          /*------------------------------------------------------------------*/
   2          /* --- STC MCU Limited ---------------------------------------------*/
   3          /* --- STC12C5Axx Series MCU A/D Conversion Demo -------------------*/
   4          /* --- Mobile: (86)13922805190 -------------------------------------*/
   5          /* --- Fax: 86-0513-55012956,55012947,55012969 ---------------------*/
   6          /* --- Tel: 86-0513-55012928,55012929,55012966----------------------*/
   7          /* --- Web: www.STCMCU.com -----------------------------------------*/
   8          /* --- Web: www.GXWMCU.com -----------------------------------------*/
   9          /* If you want to use the program or the program referenced in the  */
  10          /* article, please specify in which data and procedures from STC    */
  11          /*------------------------------------------------------------------*/
  12          
  13           
  14          #include <stc15w.h>
  15          #include "STC_PWM.h"
  16          #include "AD.h" 
  17          #include <intrins.h>
  18           
  19          
  20          /*Declare SFR associated with the ADC */
  21          //sfr ADC_CONTR   =   0xBC;           //ADC control register
  22          //sfr ADC_RES     =   0xBD;           //ADC high 8-bit result register
  23          //sfr ADC_LOW2    =   0xBE;           //ADC low 2-bit result register
  24          //sfr P1ASF       =   0x9D;           //P1 secondary function control register
  25          
  26          /*Define ADC operation const for ADC_CONTR*/
  27          #define ADC_POWER   0x80            //ADC power control bit
  28          #define ADC_FLAG    0x10            //ADC complete flag
  29          #define ADC_START   0x08            //ADC start control bit
  30          #define ADC_SPEEDLL 0x00            //420 clocks
  31          #define ADC_SPEEDL  0x20            //280 clocks
  32          #define ADC_SPEEDH  0x40            //140 clocks
  33          #define ADC_SPEEDHH 0x60            //70 clocks
  34          
  35          extern unsigned int  Vol;  //输出电压  默认输出最大值
  36           
  37          
  38          /*----------------------------
  39          Get ADC result
  40          ----------------------------*/
  41          u16 GetADCResult(u8 ch)
  42          {
  43   1              u16 ADC_Result;
  44   1          ADC_CONTR = ADC_POWER | ADC_SPEEDLL | ch | ADC_START;
  45   1          _nop_();                        //Must wait before inquiry
  46   1          _nop_();
  47   1          _nop_();
  48   1          _nop_();
  49   1          while (!(ADC_CONTR & ADC_FLAG));//Wait complete flag
  50   1          ADC_CONTR &= ~ADC_FLAG;         //Close ADC
  51   1          ADC_Result=ADC_RES;
  52   1                ADC_Result=ADC_Result<<2|ADC_RESL;
  53   1          return ADC_Result;                 //Return ADC result
  54   1      }  
C51 COMPILER V9.00   AD                                                                    05/04/2019 20:59:20 PAGE 2   

  55          
  56           
  57          
  58          /*----------------------------
  59          Initial ADC sfr
  60          ----------------------------*/
  61          void InitADC()
  62          {
  63   1          P1ASF = 0x03;                   //Open 8 channels ADC function  0,1通道
  64   1          ADC_RES = 0;                    //Clear previous result
  65   1       
  66   1                 ADC_CONTR = ADC_POWER | ADC_SPEEDLL | ADC_START | 0x01;
  67   1          Delay(2);  
  68   1        
  69   1      }
  70          
  71           
  72          
  73          /*----------------------------
  74          Software delay function
  75          ----------------------------*/
  76          void Delay(u16 n)
  77          {
  78   1          u16 x;
  79   1      
  80   1          while (n--)
  81   1          {
  82   2              x = 5000;
  83   2              while (x--);
  84   2          }
  85   1      }
  86          


MODULE INFORMATION:   STATIC OVERLAYABLE
   CODE SIZE        =     80    ----
   CONSTANT SIZE    =   ----    ----
   XDATA SIZE       =   ----    ----
   PDATA SIZE       =   ----    ----
   DATA SIZE        =   ----    ----
   IDATA SIZE       =   ----    ----
   BIT SIZE         =   ----    ----
   EDATA SIZE       =   ----    ----
   HDATA SIZE       =   ----    ----
   XDATA CONST SIZE =   ----    ----
   FAR CONST SIZE   =   ----    ----
END OF MODULE INFORMATION.


C51 COMPILATION COMPLETE.  0 WARNING(S),  0 ERROR(S)
